<?xml version="1.0" encoding="UTF-8"?>
<testsuite xmlns:xsi="http://www.w3.org/2001/XMLSchema-instance" xsi:noNamespaceSchemaLocation="https://maven.apache.org/surefire/maven-surefire-plugin/xsd/surefire-test-report-3.0.xsd" version="3.0" name="org.rebecalang.modeltransformer.HybridRebecaToRILTest" time="1.176" tests="8" errors="0" skipped="0" failures="0">
  <properties>
    <property name="java.specification.version" value="21"/>
    <property name="sun.cpu.isalist" value="amd64"/>
    <property name="sun.jnu.encoding" value="Cp1256"/>
    <property name="java.class.path" value="C:\Users\RayanTech\.m2\repository\org\apache\maven\surefire\surefire-booter\3.2.2\surefire-booter-3.2.2.jar;C:\Users\RayanTech\.m2\repository\org\apache\maven\surefire\surefire-api\3.2.2\surefire-api-3.2.2.jar;C:\Users\RayanTech\.m2\repository\org\apache\maven\surefire\surefire-logger-api\3.2.2\surefire-logger-api-3.2.2.jar;C:\Users\RayanTech\.m2\repository\org\apache\maven\surefire\surefire-shared-utils\3.2.2\surefire-shared-utils-3.2.2.jar;C:\Users\RayanTech\.m2\repository\org\apache\maven\surefire\surefire-extensions-spi\3.2.2\surefire-extensions-spi-3.2.2.jar;C:\Users\RayanTech\Desktop\Razi&apos;s project\Hybrid-Rebeca-Model-Transformer\target\test-classes;C:\Users\RayanTech\Desktop\Razi&apos;s project\Hybrid-Rebeca-Model-Transformer\target\classes;C:\Users\RayanTech\.m2\repository\org\junit\jupiter\junit-jupiter-api\5.7.2\junit-jupiter-api-5.7.2.jar;C:\Users\RayanTech\.m2\repository\org\apiguardian\apiguardian-api\1.1.0\apiguardian-api-1.1.0.jar;C:\Users\RayanTech\.m2\repository\org\opentest4j\opentest4j\1.2.0\opentest4j-1.2.0.jar;C:\Users\RayanTech\.m2\repository\org\junit\platform\junit-platform-commons\1.7.2\junit-platform-commons-1.7.2.jar;C:\Users\RayanTech\.m2\repository\org\junit\jupiter\junit-jupiter-engine\5.7.2\junit-jupiter-engine-5.7.2.jar;C:\Users\RayanTech\.m2\repository\org\junit\platform\junit-platform-engine\1.7.2\junit-platform-engine-1.7.2.jar;C:\Users\RayanTech\.m2\repository\commons-cli\commons-cli\1.4\commons-cli-1.4.jar;C:\Users\RayanTech\.m2\repository\org\rebecalang\compiler\2.25\compiler-2.25.jar;C:\Users\RayanTech\.m2\repository\com\sun\xml\bind\jaxb-core\2.3.0.1\jaxb-core-2.3.0.1.jar;C:\Users\RayanTech\.m2\repository\javax\xml\bind\jaxb-api\2.4.0-b180830.0359\jaxb-api-2.4.0-b180830.0359.jar;C:\Users\RayanTech\.m2\repository\javax\activation\javax.activation-api\1.2.0\javax.activation-api-1.2.0.jar;C:\Users\RayanTech\.m2\repository\com\sun\xml\bind\jaxb-impl\2.3.1\jaxb-impl-2.3.1.jar;C:\Users\RayanTech\.m2\repository\org\javassist\javassist\3.25.0-GA\javassist-3.25.0-GA.jar;C:\Users\RayanTech\.m2\repository\org\springframework\spring-expression\6.1.3\spring-expression-6.1.3.jar;C:\Users\RayanTech\.m2\repository\org\antlr\antlr4\4.8-1\antlr4-4.8-1.jar;C:\Users\RayanTech\.m2\repository\org\antlr\antlr-runtime\3.5.2\antlr-runtime-3.5.2.jar;C:\Users\RayanTech\.m2\repository\org\antlr\ST4\4.3\ST4-4.3.jar;C:\Users\RayanTech\.m2\repository\org\abego\treelayout\org.abego.treelayout.core\1.0.3\org.abego.treelayout.core-1.0.3.jar;C:\Users\RayanTech\.m2\repository\org\glassfish\javax.json\1.0.4\javax.json-1.0.4.jar;C:\Users\RayanTech\.m2\repository\org\antlr\antlr4-runtime\4.8-1\antlr4-runtime-4.8-1.jar;C:\Users\RayanTech\.m2\repository\com\sun\xml\bind\jaxb-xjc\4.0.3\jaxb-xjc-4.0.3.jar;C:\Users\RayanTech\.m2\repository\javax\activation\activation\1.1.1\activation-1.1.1.jar;C:\Users\RayanTech\.m2\repository\org\glassfish\jaxb\jaxb-runtime\4.0.3\jaxb-runtime-4.0.3.jar;C:\Users\RayanTech\.m2\repository\org\glassfish\jaxb\jaxb-core\4.0.3\jaxb-core-4.0.3.jar;C:\Users\RayanTech\.m2\repository\jakarta\xml\bind\jakarta.xml.bind-api\4.0.0\jakarta.xml.bind-api-4.0.0.jar;C:\Users\RayanTech\.m2\repository\jakarta\activation\jakarta.activation-api\2.1.2\jakarta.activation-api-2.1.2.jar;C:\Users\RayanTech\.m2\repository\org\eclipse\angus\angus-activation\2.0.1\angus-activation-2.0.1.jar;C:\Users\RayanTech\.m2\repository\org\glassfish\jaxb\txw2\4.0.3\txw2-4.0.3.jar;C:\Users\RayanTech\.m2\repository\com\sun\istack\istack-commons-runtime\4.1.2\istack-commons-runtime-4.1.2.jar;C:\Users\RayanTech\.m2\repository\org\graalvm\js\js\21.1.0\js-21.1.0.jar;C:\Users\RayanTech\.m2\repository\org\graalvm\regex\regex\21.1.0\regex-21.1.0.jar;C:\Users\RayanTech\.m2\repository\org\graalvm\truffle\truffle-api\21.1.0\truffle-api-21.1.0.jar;C:\Users\RayanTech\.m2\repository\org\graalvm\sdk\graal-sdk\21.1.0\graal-sdk-21.1.0.jar;C:\Users\RayanTech\.m2\repository\com\ibm\icu\icu4j\69.1\icu4j-69.1.jar;C:\Users\RayanTech\.m2\repository\com\squareup\javapoet\1.10.0\javapoet-1.10.0.jar;C:\Users\RayanTech\.m2\repository\com\typesafe\akka\akka-actor_2.12\2.5.16\akka-actor_2.12-2.5.16.jar;C:\Users\RayanTech\.m2\repository\org\scala-lang\scala-library\2.12.6\scala-library-2.12.6.jar;C:\Users\RayanTech\.m2\repository\com\typesafe\config\1.3.3\config-1.3.3.jar;C:\Users\RayanTech\.m2\repository\org\scala-lang\modules\scala-java8-compat_2.12\0.8.0\scala-java8-compat_2.12-0.8.0.jar;C:\Users\RayanTech\.m2\repository\org\apache\velocity\velocity\1.7\velocity-1.7.jar;C:\Users\RayanTech\.m2\repository\commons-collections\commons-collections\3.2.1\commons-collections-3.2.1.jar;C:\Users\RayanTech\.m2\repository\commons-lang\commons-lang\2.4\commons-lang-2.4.jar;C:\Users\RayanTech\.m2\repository\org\springframework\spring-core\6.0.16\spring-core-6.0.16.jar;C:\Users\RayanTech\.m2\repository\org\springframework\spring-jcl\6.0.16\spring-jcl-6.0.16.jar;C:\Users\RayanTech\.m2\repository\org\springframework\spring-context\6.0.16\spring-context-6.0.16.jar;C:\Users\RayanTech\.m2\repository\org\springframework\spring-aop\6.0.16\spring-aop-6.0.16.jar;C:\Users\RayanTech\.m2\repository\org\springframework\spring-beans\6.0.16\spring-beans-6.0.16.jar;C:\Users\RayanTech\.m2\repository\org\springframework\spring-test\6.0.16\spring-test-6.0.16.jar;C:\Users\RayanTech\.m2\repository\junit\junit\4.8.2\junit-4.8.2.jar;C:\Users\RayanTech\.m2\repository\org\mockito\mockito-testng\0.5.2\mockito-testng-0.5.2.jar;C:\Users\RayanTech\.m2\repository\org\mockito\mockito-core\5.2.0\mockito-core-5.2.0.jar;C:\Users\RayanTech\.m2\repository\net\bytebuddy\byte-buddy\1.14.1\byte-buddy-1.14.1.jar;C:\Users\RayanTech\.m2\repository\net\bytebuddy\byte-buddy-agent\1.14.1\byte-buddy-agent-1.14.1.jar;C:\Users\RayanTech\.m2\repository\org\objenesis\objenesis\3.3\objenesis-3.3.jar;C:\Users\RayanTech\.m2\repository\org\testng\testng\7.5\testng-7.5.jar;C:\Users\RayanTech\.m2\repository\com\google\code\findbugs\jsr305\3.0.1\jsr305-3.0.1.jar;C:\Users\RayanTech\.m2\repository\org\slf4j\slf4j-api\1.7.32\slf4j-api-1.7.32.jar;C:\Users\RayanTech\.m2\repository\com\beust\jcommander\1.78\jcommander-1.78.jar;C:\Users\RayanTech\.m2\repository\org\webjars\jquery\3.5.1\jquery-3.5.1.jar;C:\Users\RayanTech\.m2\repository\org\apache\maven\surefire\surefire-junit-platform\3.2.2\surefire-junit-platform-3.2.2.jar;C:\Users\RayanTech\.m2\repository\org\apache\maven\surefire\common-java5\3.2.2\common-java5-3.2.2.jar;C:\Users\RayanTech\.m2\repository\org\junit\platform\junit-platform-launcher\1.7.2\junit-platform-launcher-1.7.2.jar"/>
    <property name="java.vm.vendor" value="Amazon.com Inc."/>
    <property name="sun.arch.data.model" value="64"/>
    <property name="user.variant" value=""/>
    <property name="java.vendor.url" value="https://aws.amazon.com/corretto/"/>
    <property name="user.timezone" value="Asia/Tehran"/>
    <property name="user.country.format" value="IR"/>
    <property name="os.name" value="Windows 11"/>
    <property name="java.vm.specification.version" value="21"/>
    <property name="sun.java.launcher" value="SUN_STANDARD"/>
    <property name="user.country" value="US"/>
    <property name="sun.boot.library.path" value="C:\Users\RayanTech\.jdks\corretto-21.0.6\bin"/>
    <property name="sun.java.command" value="org.apache.maven.surefire.booter.ForkedBooter C:\Users\RayanTech\AppData\Local\Temp\surefire8385979719624281362 ????-??-??T??-??-??_???-jvmRun1 surefire-20250609144837313_1tmp surefire_0-20250609144837313_2tmp"/>
    <property name="jdk.debug" value="release"/>
    <property name="surefire.test.class.path" value="C:\Users\RayanTech\Desktop\Razi&apos;s project\Hybrid-Rebeca-Model-Transformer\target\test-classes;C:\Users\RayanTech\Desktop\Razi&apos;s project\Hybrid-Rebeca-Model-Transformer\target\classes;C:\Users\RayanTech\.m2\repository\org\junit\jupiter\junit-jupiter-api\5.7.2\junit-jupiter-api-5.7.2.jar;C:\Users\RayanTech\.m2\repository\org\apiguardian\apiguardian-api\1.1.0\apiguardian-api-1.1.0.jar;C:\Users\RayanTech\.m2\repository\org\opentest4j\opentest4j\1.2.0\opentest4j-1.2.0.jar;C:\Users\RayanTech\.m2\repository\org\junit\platform\junit-platform-commons\1.7.2\junit-platform-commons-1.7.2.jar;C:\Users\RayanTech\.m2\repository\org\junit\jupiter\junit-jupiter-engine\5.7.2\junit-jupiter-engine-5.7.2.jar;C:\Users\RayanTech\.m2\repository\org\junit\platform\junit-platform-engine\1.7.2\junit-platform-engine-1.7.2.jar;C:\Users\RayanTech\.m2\repository\commons-cli\commons-cli\1.4\commons-cli-1.4.jar;C:\Users\RayanTech\.m2\repository\org\rebecalang\compiler\2.25\compiler-2.25.jar;C:\Users\RayanTech\.m2\repository\com\sun\xml\bind\jaxb-core\2.3.0.1\jaxb-core-2.3.0.1.jar;C:\Users\RayanTech\.m2\repository\javax\xml\bind\jaxb-api\2.4.0-b180830.0359\jaxb-api-2.4.0-b180830.0359.jar;C:\Users\RayanTech\.m2\repository\javax\activation\javax.activation-api\1.2.0\javax.activation-api-1.2.0.jar;C:\Users\RayanTech\.m2\repository\com\sun\xml\bind\jaxb-impl\2.3.1\jaxb-impl-2.3.1.jar;C:\Users\RayanTech\.m2\repository\org\javassist\javassist\3.25.0-GA\javassist-3.25.0-GA.jar;C:\Users\RayanTech\.m2\repository\org\springframework\spring-expression\6.1.3\spring-expression-6.1.3.jar;C:\Users\RayanTech\.m2\repository\org\antlr\antlr4\4.8-1\antlr4-4.8-1.jar;C:\Users\RayanTech\.m2\repository\org\antlr\antlr-runtime\3.5.2\antlr-runtime-3.5.2.jar;C:\Users\RayanTech\.m2\repository\org\antlr\ST4\4.3\ST4-4.3.jar;C:\Users\RayanTech\.m2\repository\org\abego\treelayout\org.abego.treelayout.core\1.0.3\org.abego.treelayout.core-1.0.3.jar;C:\Users\RayanTech\.m2\repository\org\glassfish\javax.json\1.0.4\javax.json-1.0.4.jar;C:\Users\RayanTech\.m2\repository\org\antlr\antlr4-runtime\4.8-1\antlr4-runtime-4.8-1.jar;C:\Users\RayanTech\.m2\repository\com\sun\xml\bind\jaxb-xjc\4.0.3\jaxb-xjc-4.0.3.jar;C:\Users\RayanTech\.m2\repository\javax\activation\activation\1.1.1\activation-1.1.1.jar;C:\Users\RayanTech\.m2\repository\org\glassfish\jaxb\jaxb-runtime\4.0.3\jaxb-runtime-4.0.3.jar;C:\Users\RayanTech\.m2\repository\org\glassfish\jaxb\jaxb-core\4.0.3\jaxb-core-4.0.3.jar;C:\Users\RayanTech\.m2\repository\jakarta\xml\bind\jakarta.xml.bind-api\4.0.0\jakarta.xml.bind-api-4.0.0.jar;C:\Users\RayanTech\.m2\repository\jakarta\activation\jakarta.activation-api\2.1.2\jakarta.activation-api-2.1.2.jar;C:\Users\RayanTech\.m2\repository\org\eclipse\angus\angus-activation\2.0.1\angus-activation-2.0.1.jar;C:\Users\RayanTech\.m2\repository\org\glassfish\jaxb\txw2\4.0.3\txw2-4.0.3.jar;C:\Users\RayanTech\.m2\repository\com\sun\istack\istack-commons-runtime\4.1.2\istack-commons-runtime-4.1.2.jar;C:\Users\RayanTech\.m2\repository\org\graalvm\js\js\21.1.0\js-21.1.0.jar;C:\Users\RayanTech\.m2\repository\org\graalvm\regex\regex\21.1.0\regex-21.1.0.jar;C:\Users\RayanTech\.m2\repository\org\graalvm\truffle\truffle-api\21.1.0\truffle-api-21.1.0.jar;C:\Users\RayanTech\.m2\repository\org\graalvm\sdk\graal-sdk\21.1.0\graal-sdk-21.1.0.jar;C:\Users\RayanTech\.m2\repository\com\ibm\icu\icu4j\69.1\icu4j-69.1.jar;C:\Users\RayanTech\.m2\repository\com\squareup\javapoet\1.10.0\javapoet-1.10.0.jar;C:\Users\RayanTech\.m2\repository\com\typesafe\akka\akka-actor_2.12\2.5.16\akka-actor_2.12-2.5.16.jar;C:\Users\RayanTech\.m2\repository\org\scala-lang\scala-library\2.12.6\scala-library-2.12.6.jar;C:\Users\RayanTech\.m2\repository\com\typesafe\config\1.3.3\config-1.3.3.jar;C:\Users\RayanTech\.m2\repository\org\scala-lang\modules\scala-java8-compat_2.12\0.8.0\scala-java8-compat_2.12-0.8.0.jar;C:\Users\RayanTech\.m2\repository\org\apache\velocity\velocity\1.7\velocity-1.7.jar;C:\Users\RayanTech\.m2\repository\commons-collections\commons-collections\3.2.1\commons-collections-3.2.1.jar;C:\Users\RayanTech\.m2\repository\commons-lang\commons-lang\2.4\commons-lang-2.4.jar;C:\Users\RayanTech\.m2\repository\org\springframework\spring-core\6.0.16\spring-core-6.0.16.jar;C:\Users\RayanTech\.m2\repository\org\springframework\spring-jcl\6.0.16\spring-jcl-6.0.16.jar;C:\Users\RayanTech\.m2\repository\org\springframework\spring-context\6.0.16\spring-context-6.0.16.jar;C:\Users\RayanTech\.m2\repository\org\springframework\spring-aop\6.0.16\spring-aop-6.0.16.jar;C:\Users\RayanTech\.m2\repository\org\springframework\spring-beans\6.0.16\spring-beans-6.0.16.jar;C:\Users\RayanTech\.m2\repository\org\springframework\spring-test\6.0.16\spring-test-6.0.16.jar;C:\Users\RayanTech\.m2\repository\junit\junit\4.8.2\junit-4.8.2.jar;C:\Users\RayanTech\.m2\repository\org\mockito\mockito-testng\0.5.2\mockito-testng-0.5.2.jar;C:\Users\RayanTech\.m2\repository\org\mockito\mockito-core\5.2.0\mockito-core-5.2.0.jar;C:\Users\RayanTech\.m2\repository\net\bytebuddy\byte-buddy\1.14.1\byte-buddy-1.14.1.jar;C:\Users\RayanTech\.m2\repository\net\bytebuddy\byte-buddy-agent\1.14.1\byte-buddy-agent-1.14.1.jar;C:\Users\RayanTech\.m2\repository\org\objenesis\objenesis\3.3\objenesis-3.3.jar;C:\Users\RayanTech\.m2\repository\org\testng\testng\7.5\testng-7.5.jar;C:\Users\RayanTech\.m2\repository\com\google\code\findbugs\jsr305\3.0.1\jsr305-3.0.1.jar;C:\Users\RayanTech\.m2\repository\org\slf4j\slf4j-api\1.7.32\slf4j-api-1.7.32.jar;C:\Users\RayanTech\.m2\repository\com\beust\jcommander\1.78\jcommander-1.78.jar;C:\Users\RayanTech\.m2\repository\org\webjars\jquery\3.5.1\jquery-3.5.1.jar;"/>
    <property name="sun.cpu.endian" value="little"/>
    <property name="user.home" value="C:\Users\RayanTech"/>
    <property name="user.language" value="en"/>
    <property name="java.specification.vendor" value="Oracle Corporation"/>
    <property name="java.version.date" value="2025-01-21"/>
    <property name="java.home" value="C:\Users\RayanTech\.jdks\corretto-21.0.6"/>
    <property name="file.separator" value="\"/>
    <property name="basedir" value="C:\Users\RayanTech\Desktop\Razi&apos;s project\Hybrid-Rebeca-Model-Transformer"/>
    <property name="java.vm.compressedOopsMode" value="Zero based"/>
    <property name="line.separator" value="&#10;"/>
    <property name="java.vm.specification.vendor" value="Oracle Corporation"/>
    <property name="java.specification.name" value="Java Platform API Specification"/>
    <property name="user.script" value=""/>
    <property name="sun.management.compiler" value="HotSpot 64-Bit Tiered Compilers"/>
    <property name="java.runtime.version" value="21.0.6+7-LTS"/>
    <property name="user.name" value="RayanTech"/>
    <property name="stdout.encoding" value="Cp1256"/>
    <property name="path.separator" value=";"/>
    <property name="os.version" value="10.0"/>
    <property name="java.runtime.name" value="OpenJDK Runtime Environment"/>
    <property name="file.encoding" value="UTF-8"/>
    <property name="java.vm.name" value="OpenJDK 64-Bit Server VM"/>
    <property name="java.vendor.version" value="Corretto-21.0.6.7.1"/>
    <property name="localRepository" value="C:\Users\RayanTech\.m2\repository"/>
    <property name="java.vendor.url.bug" value="https://github.com/corretto/corretto-21/issues/"/>
    <property name="java.io.tmpdir" value="C:\Users\RAYANT~1\AppData\Local\Temp\"/>
    <property name="idea.version" value="2024.1.2"/>
    <property name="java.version" value="21.0.6"/>
    <property name="user.dir" value="C:\Users\RayanTech\Desktop\Razi&apos;s project\Hybrid-Rebeca-Model-Transformer"/>
    <property name="os.arch" value="amd64"/>
    <property name="java.vm.specification.name" value="Java Virtual Machine Specification"/>
    <property name="user.language.format" value="fa"/>
    <property name="sun.os.patch.level" value=""/>
    <property name="native.encoding" value="Cp1256"/>
    <property name="java.library.path" value="C:\Users\RayanTech\.jdks\corretto-21.0.6\bin;C:\Windows\Sun\Java\bin;C:\Windows\system32;C:\Windows;C:\Program Files\Common Files\Oracle\Java\javapath;C:\Windows\system32;C:\Windows;C:\Windows\System32\Wbem;C:\Windows\System32\WindowsPowerShell\v1.0\;C:\Windows\System32\OpenSSH\;C:\Program Files (x86)\NVIDIA Corporation\PhysX\Common;C:\Program Files\nodejs\;C:\ProgramData\chocolatey\bin;C:\Program Files\Java\jdk-17\bin;C:\Program Files\MATLAB\R2024a\runtime\win64;C:\Program Files\MATLAB\R2024a\bin;C:\MinGW\bin;C:\Users\RayanTech\MinGW\bin;C:\MingwLLVM\bin;C:\Program Files\Microsoft SQL Server\150\Tools\Binn\;C:\Program Files (x86)\Windows Kits\10\Windows Performance Toolkit\;C:\Program Files\Git\cmd;C:\antlr;C:\Users\RayanTech\.cargo\bin;C:\Users\RayanTech\Programs\Python\Python312\Scripts\;C:\Users\RayanTech\Programs\Python\Python312\;C:\Users\RayanTech\AppData\Local\Microsoft\WindowsApps;C:\Users\RayanTech\AppData\Local\Programs\Microsoft VS Code\bin;C:\Program Files\JetBrains\IntelliJ IDEA Community Edition 2024.1.2\bin;;C:\Users\RayanTech\AppData\Roaming\npm;C:\altera\13.0sp1\modelsim_ase\win32aloem;."/>
    <property name="java.vm.info" value="mixed mode, sharing"/>
    <property name="stderr.encoding" value="Cp1256"/>
    <property name="java.vendor" value="Amazon.com Inc."/>
    <property name="java.vm.version" value="21.0.6+7-LTS"/>
    <property name="sun.io.unicode.encoding" value="UnicodeLittle"/>
    <property name="java.class.version" value="65.0"/>
  </properties>
  <testcase name="generatePhysicalModeRIL" classname="org.rebecalang.modeltransformer.HybridRebecaToRILTest" time="0.155">
    <system-out><![CDATA[model issrc\test\resources\org\rebecalang\modeltransformer\testcase\Hybrid\hybridMode.rebeca
main
0:PUSH
1:new Idol( ):()
2:new Car( ):()
3:POP 1 false
...............................................
Idol.doNothing
0:PUSH
1:declare a
2:a = {1.0, 2.0, 3.0}
3:$RETURN_VALUE$ = a
4:POP 1 false
5:endMethod
...............................................
Idol.perform
0:PUSH
1:declare w
2:w = TEST_VAR
3:declare c
4:declare $TEMP_EXP$0
5:self.Idol.doNothing( ) -> $TEMP_EXP$0
6:c = $TEMP_EXP$0
7:POP 1 false
8:endMsgsrv
...............................................
Idol.Idol
0:PUSH
1:self.Idol.perform( )
2:POP 1 false
3:endMethod
...............................................
Car.Car
0:PUSH
1:POP 1 false
2:endMethod
...............................................
Car.mode.Rolling
0:Car.mode.Rolling.inv = t<=2.0
1:Car.mode.Rolling.ode$1 = t'=2.0
2:Car.mode.Rolling.guard
3:guard = t>6.0
4:PUSH
5:t = 12.0
6:POP 1 false
7:endGuard
8:endMode
...............................................
envVarDec$1
0:declare TEST_VAR
1:TEST_VAR = 0.0
...............................................
envVarDec$0
0:declare NET_DELAY
1:NET_DELAY = 1.0
...............................................
]]></system-out>
    <system-err><![CDATA[SLF4J: Failed to load class "org.slf4j.impl.StaticLoggerBinder".
SLF4J: Defaulting to no-operation (NOP) logger implementation
SLF4J: See http://www.slf4j.org/codes.html#StaticLoggerBinder for further details.
]]></system-err>
  </testcase>
  <testcase name="PhysicalRebecIsSuccessfullyRecognized" classname="org.rebecalang.modeltransformer.HybridRebecaToRILTest" time="0.018">
    <system-out><![CDATA[Car.Car
0:PUSH
1:POP 1 false
2:endMethod
...............................................
Idol.doNothing
0:PUSH
1:declare a
2:a = {1.0, 2.0, 3.0}
3:$RETURN_VALUE$ = a
4:POP 1 false
5:endMethod
...............................................
main
0:PUSH
1:new Idol( ):()
2:new Car( ):()
3:POP 1 false
...............................................
Idol.perform
0:PUSH
1:declare w
2:w = TEST_VAR
3:declare c
4:declare $TEMP_EXP$2
5:self.Idol.doNothing( ) -> $TEMP_EXP$2
6:c = $TEMP_EXP$2
7:POP 1 false
8:endMsgsrv
...............................................
Idol.Idol
0:PUSH
1:self.Idol.perform( )
2:POP 1 false
3:endMethod
...............................................
envVarDec$1
0:declare TEST_VAR
1:TEST_VAR = 0.0
...............................................
envVarDec$0
0:declare NET_DELAY
1:NET_DELAY = 1.0
...............................................
Car.mode.Rolling
0:Car.mode.Rolling.inv = t<=5.0
1:Car.mode.Rolling.ode$1 = t'=2.0
2:Car.mode.Rolling.guard
3:guard = t>6.0
4:PUSH
5:t = 12.0
6:POP 1 false
7:endGuard
8:endMode
...............................................
Car.move
0:PUSH
1:declare $TEMP_EXP$1
2:$TEMP_EXP$1 = t+8.0
3:t=$TEMP_EXP$1
4:POP 1 false
5:endMsgsrv
...............................................
]]></system-out>
  </testcase>
  <testcase name="BinaryExpWith3Operands" classname="org.rebecalang.modeltransformer.HybridRebecaToRILTest" time="0.029">
    <system-out><![CDATA[main
0:PUSH
1:new Car( ):()
2:POP 1 false
...............................................
Car.Car
0:PUSH
1:t=12.0+2.1+2.0
2:POP 1 false
3:endMethod
...............................................
Car.mode.Rolling
0:Car.mode.Rolling.inv = t<=2.0
1:Car.mode.Rolling.ode$1 = t'=2.0
2:Car.mode.Rolling.guard
3:guard = t>6.0
4:PUSH
5:POP 1 false
6:endGuard
7:endMode
...............................................
]]></system-out>
  </testcase>
  <testcase name="transformHeaterWithSensorRebecaToRIL" classname="org.rebecalang.modeltransformer.HybridRebecaToRILTest" time="0.047">
    <system-out><![CDATA[model issrc\test\resources\org\rebecalang\modeltransformer\testcase\Hybrid\heaterWithOnePhysicalClass.rebeca
HeaterWithSensor.apply$int
0:PUSH
1:declare x
2:x = tempe
3:POP 1 false
4:endMsgsrv
...............................................
Controller.control2$float
0:PUSH
1:declare a
2:a = 10.0
3:hws.HeaterWithSensor.apply$int( tempe->22.0, )
4:hws.HeaterWithSensor.apply$int( tempe->-22.0, )
5:hws.HeaterWithSensor.apply$int( tempe->22.0, )
6:hws.HeaterWithSensor.apply$int( tempe->a, )
7:declare $TEMP_EXP$3
8:$TEMP_EXP$3 = a+1.0
9:hws.HeaterWithSensor.apply$int( tempe->$TEMP_EXP$3, )
10:POP 1 false
11:endMsgsrv
...............................................
Controller.control$float
0:PUSH
1:jump if not (tempr>=22.0) <Controller.control$float4>
2:PUSH
3:POP 1 false
4:jump if not (tempr<=18.0) <Controller.control$float7>
5:PUSH
6:POP 1 false
7:POP 1 false
8:endMsgsrv
...............................................
HeaterWithSensor.mode.On
0:HeaterWithSensor.mode.On.inv = timer<=0.05
1:HeaterWithSensor.mode.On.ode$1 = timer'=1.0
2:HeaterWithSensor.mode.On.ode$2 = tempr'=0.1
3:HeaterWithSensor.mode.On.guard
4:guard = timer==0.05
5:PUSH
6:timer=0.0
7:POP 1 false
8:endGuard
9:endMode
...............................................
main
0:PUSH
1:new Controller( hws->hws2, ):()
2:POP 1 false
...............................................
Controller.initial
0:PUSH
1:POP 1 false
2:endMsgsrv
...............................................
HeaterWithSensor.HeaterWithSensor$float
0:PUSH
1:tempr=tempr_
2:self.setMode( arg0->On )
3:POP 1 false
4:endMethod
...............................................
Controller.Controller
0:PUSH
1:POP 1 false
2:endMethod
...............................................
Controller.control3$float
0:PUSH
1:declare a
2:a = true
3:hws.HeaterWithSensor.applyBool$boolean( tempe->a, )
4:hws.HeaterWithSensor.applyBool$boolean( tempe->false, )
5:declare $TEMP_EXP$4
6:$TEMP_EXP$4 = a!null
7:hws.HeaterWithSensor.applyBool$boolean( tempe->$TEMP_EXP$4, )
8:POP 1 false
9:endMsgsrv
...............................................
HeaterWithSensor.applyBool$boolean
0:PUSH
1:declare x
2:x = tempe
3:POP 1 false
4:endMsgsrv
...............................................
HeaterWithSensor.mode.Off
0:HeaterWithSensor.mode.Off.inv = timer<=0.05
1:HeaterWithSensor.mode.Off.ode$1 = timer'=1.0
2:HeaterWithSensor.mode.Off.ode$2 = tempr'=-0.1
3:HeaterWithSensor.mode.Off.guard
4:guard = timer==0.05
5:PUSH
6:jump if not (timer<2.2) <HeaterWithSensor.HeaterWithSensor$float6>
7:PUSH
8:timer=0.0
9:POP 1 false
10:POP 1 false
11:endGuard
12:endMode
...............................................
]]></system-out>
  </testcase>
  <testcase name="DelayStmtIsSuccessfullyRecognized" classname="org.rebecalang.modeltransformer.HybridRebecaToRILTest" time="0.024">
    <system-out><![CDATA[main
0:PUSH
1:new Car( ):()
2:POP 1 false
...............................................
Car.Car
0:PUSH
1:$TEMP_EXP$5 = ContinuousNonDet {1.0, 2.0}
2:delay( bound->$TEMP_EXP$5 )
3:speed = 20.0
4:self.Car.ride$double( a->t*2.0, )
5:POP 1 false
6:endMethod
...............................................
Car.ride$double
0:PUSH
1:delay( bound->10.0 )
2:POP 1 false
3:endMsgsrv
...............................................
Car.mode.Rolling
0:Car.mode.Rolling.inv = t<=2.0
1:Car.mode.Rolling.ode$1 = t'=2.0
2:Car.mode.Rolling.guard
3:guard = t>6.0
4:PUSH
5:t=12.1
6:self.setMode( arg0->NotRolling )
7:POP 1 false
8:endGuard
9:endMode
...............................................
envVarDec$1
0:declare TEST_VAR
1:TEST_VAR = 0.0
...............................................
envVarDec$0
0:declare NET_DELAY
1:NET_DELAY = 1.0
...............................................
Car.mode.NotRolling
0:Car.mode.NotRolling.inv = t<=12.0
1:Car.mode.NotRolling.ode$1 = t'=3.0
2:Car.mode.NotRolling.guard
3:guard = t>7.0
4:PUSH
5:t=12.1
6:self.setMode( arg0->Rolling )
7:POP 1 false
8:endGuard
9:endMode
...............................................
]]></system-out>
  </testcase>
  <testcase name="GuardContainingContinuousExp" classname="org.rebecalang.modeltransformer.HybridRebecaToRILTest" time="0.015">
    <system-out><![CDATA[main
0:PUSH
1:new Car( ):()
2:POP 1 false
...............................................
Car.Car
0:PUSH
1:t=22.0
2:POP 1 false
3:endMethod
...............................................
Car.mode.Rolling
0:Car.mode.Rolling.inv = t<=2.0
1:Car.mode.Rolling.ode$1 = t'=2.0
2:Car.mode.Rolling.guard
3:guard = t>6.0
4:PUSH
5:t=12.0+2.1+2.0
6:POP 1 false
7:endGuard
8:endMode
...............................................
]]></system-out>
  </testcase>
  <testcase name="transformRebecaToRIL" classname="org.rebecalang.modeltransformer.HybridRebecaToRILTest" time="0.011">
    <system-out><![CDATA[model issrc\test\resources\org\rebecalang\modeltransformer\testcase\Hybrid\main.rebeca
main
0:PUSH
1:new Car( ):()
2:POP 1 false
...............................................
Car.Car
0:PUSH
1:declare r
2:declare $TEMP_EXP$6
3:$TEMP_EXP$6 = t+1.0
4:r=$TEMP_EXP$6
5:declare $TEMP_EXP$7
6:$TEMP_EXP$7 = r<1.0
7:jump if not ($TEMP_EXP$7) <Car.Car13>
8:PUSH
9:declare $TEMP_EXP$8
10:$TEMP_EXP$8 = 3.0*r
11:r=$TEMP_EXP$8
12:POP 1 false
13:POP 1 false
14:endMethod
...............................................
Car.mode.Rolling
0:Car.mode.Rolling.inv = t<=2.0
1:Car.mode.Rolling.ode$1 = t'=2.0+3.1
2:Car.mode.Rolling.guard
3:guard = t==1.0
4:PUSH
5:t=6.6+1.0
6:POP 1 false
7:endGuard
8:endMode
...............................................
envVarDec$1
0:declare TEST_VAR
1:TEST_VAR = 0.0
...............................................
envVarDec$0
0:declare NET_DELAY
1:NET_DELAY = 1.0
...............................................
]]></system-out>
  </testcase>
  <testcase name="InvariantConditionIsTransformedToRils" classname="org.rebecalang.modeltransformer.HybridRebecaToRILTest" time="0.008">
    <system-out><![CDATA[model issrc\test\resources\org\rebecalang\modeltransformer\testcase\Hybrid\main.rebeca
main
0:PUSH
1:new Car( ):()
2:POP 1 false
...............................................
Car.Car
0:PUSH
1:declare r
2:declare $TEMP_EXP$9
3:$TEMP_EXP$9 = t+1.0
4:r=$TEMP_EXP$9
5:declare $TEMP_EXP$10
6:$TEMP_EXP$10 = r<1.0
7:jump if not ($TEMP_EXP$10) <Car.Car13>
8:PUSH
9:declare $TEMP_EXP$11
10:$TEMP_EXP$11 = 3.0*r
11:r=$TEMP_EXP$11
12:POP 1 false
13:POP 1 false
14:endMethod
...............................................
Car.mode.Rolling
0:Car.mode.Rolling.inv = t<=2.0
1:Car.mode.Rolling.ode$1 = t'=2.0+3.1
2:Car.mode.Rolling.guard
3:guard = t==1.0
4:PUSH
5:t=6.6+1.0
6:POP 1 false
7:endGuard
8:endMode
...............................................
envVarDec$1
0:declare TEST_VAR
1:TEST_VAR = 0.0
...............................................
envVarDec$0
0:declare NET_DELAY
1:NET_DELAY = 1.0
...............................................
]]></system-out>
  </testcase>
</testsuite>